<?xml version="1.0" encoding="UTF-8"?>
<!-- Generated by org.testng.reporters.JUnitReportReporter -->
<testsuite hostname="Abhay" failures="0" tests="1" name="Test1" time="0.017" errors="0" timestamp="2022-03-16T10:19:39 IST" skipped="0">
  <testcase classname="Test1" name="regular" time="0.017"/>
  <system-out/>
</testsuite> <!-- Test1 -->
